<?xml version="1.0" encoding="UTF-8"?>
<!-- Generated by org.testng.reporters.JUnitReportReporter -->
<testsuite skipped="1" hostname="muddi-PC" name="testclasses.FirstClass" tests="1" failures="0" timestamp="15 Mar 2017 17:13:29 GMT" time="0.002" errors="0">
  <testcase name="doCalculate" time="0.002" classname="testclasses.FirstClass">
    <skipped/>
  </testcase> <!-- doCalculate -->
</testsuite> <!-- testclasses.FirstClass -->
